u@harpertown libvina]$ sudo ./dot_prod
Vector DotProduction program
VEC_TEST_SIZE_N=32000000
VEC_TEST_GRANULARITY=4000000
VEC_TEST_K=8
thread: libspmdSee Makefile TEST_INFO to set parameters
elapsed=150138
STD gflop=0.426274
time_on_fly =  0
time_in_reduce =  0
time_in_wait =  0
elapsed=43071
MT gflop=1.485919
Profile info
======================================================================
# 0        #frame kernel seq    0        0usec            0.0%
# 1        #frame kernel par    0        0usec            0.0%
# 2          #frame mem cost    0        0usec            0.0%
# 3       #frame thread cost    0        0usec            0.0%
# 4 #thread creation counters    0                           
# 5 #thread pool enqueue counters    0                           
# 6 #libspmd thread creation    0                           
# 7                      STD    1   150138usec            77.7%
# 8                       ST    0        0usec            0.0%
# 9                       MT    1    43071usec            22.3%

