Matrix Multiplication test program
  MM_TEST_SIZE_N=4096
  MM_TEST_GRANULARITY=1024
  MM_TEST_K=   4
  see Makefile TEST_INFO to set parameters
STD gflop=15.087772
spmd thread pool:
nr_pe|nr_slot|nr_leader|nr_task|nr_thread|
    8|      4|       15|     32|       47|
slot 0: 0x1df5a220
width=8, size=1
ldr0=2793:(2795,2796,2798,2800,2803,2805,2806,2807,)
slot 1: 0x1df5a248
width=4, size=2
ldr0=2794:(2797,2799,2801,2804,)
ldr1=2802:(2809,2810,2812,2814,)
slot 2: 0x1df5a270
width=2, size=4
ldr0=2808:(2811,2816,)
ldr1=2813:(2815,2817,)
ldr2=2818:(2819,2821,)
ldr3=2820:(2822,2824,)
slot 3: 0x1df5a298
width=1, size=8
ldr0=2823:(2825,)
ldr1=2826:(2827,)
ldr2=2828:(2830,)
ldr3=2829:(2831,)
ldr4=2832:(2833,)
ldr5=2834:(2835,)
ldr6=2836:(2837,)
ldr7=2838:(2839,)
_pred=0 SubTask::_pred=1
SubTask::RESULT::WRITER_SIZE_X=1024
MT SSE gflop=50.342943
spmd close all children
Profile info
======================================================================
# 0        #frame kernel seq    0        0usec            0.0%
# 1        #frame kernel par   16  2550171usec            21.5%
# 2          #frame mem cost    0        0usec            0.0%
# 3       #frame thread cost    0        0usec            0.0%
# 4 #thread creation counters   64                           
# 5 #thread pool enqueue counters    0                           
# 6 #libspmd thread creation    0                           
# 7             STD multiply    1  9109294usec            76.9%
# 8          Single-threaded    0        0usec            0.0%
# 9                   ST SSE    0        0usec            0.0%
#10          mulmat_parallel    0        0usec            0.0%
#11      mulmat_parallel SSE    1  2730054usec            23.1%
#12          mulmat_smallset    0        0usec            0.0%
#13        mat thread0 timer   16  2482242usec            21.0%
#14        mat thread1 timer   16  2527970usec            21.4%
#15        mat thread2 timer   16  2521413usec            21.3%
#16        mat thread3 timer   16  2503631usec            21.1%
