SAXPY Program in Blas
VEC_TEST_SIZE_N=32000000
VEC_TEST_GRANULARITY=8000000
VEC_TEST_K=4
See Makefile TEST_INFO to set parameters
elapsed=91352
STD gflop=0.700587
spmd thread pool:
nr_pe|nr_slot|nr_leader|nr_task|nr_thread|
    8|      4|       15|     32|       47|
slot 0: 0x1f91dd70
width=8, size=1
ldr0=2354:(2356,2357,2358,2359,2362,2363,2365,2367,)
slot 1: 0x1f91dd98
width=4, size=2
ldr0=2355:(2360,2361,2364,2368,)
ldr1=2366:(2369,2371,2372,2373,)
slot 2: 0x1f91ddc0
width=2, size=4
ldr0=2370:(2374,2375,)
ldr1=2376:(2377,2379,)
ldr2=2378:(2380,2382,)
ldr3=2381:(2383,2385,)
slot 3: 0x1f91dde8
width=1, size=8
ldr0=2384:(2386,)
ldr1=2387:(2388,)
ldr2=2389:(2390,)
ldr3=2391:(2393,)
ldr4=2392:(2394,)
ldr5=2395:(2396,)
ldr6=2397:(2398,)
ldr7=2399:(0,)
startup libspmd runtime: 8 pe is detected
ldr1 locked
elapsed=48163
MT gflop=1.328821
spmd close all children
Profile info
======================================================================
# 0        #frame kernel seq    0        0usec            0.0%
# 1        #frame kernel par    0        0usec            0.0%
# 2          #frame mem cost    0        0usec            0.0%
# 3       #frame thread cost    0        0usec            0.0%
# 4 #thread creation counters    0                           
# 5 #thread pool enqueue counters    0                           
# 6 #libspmd thread creation    4                           
# 7                      STD    1    91352usec            65.5%
# 8                       ST    0        0usec            0.0%
# 9                       MT    1    48163usec            34.5%
