SAXPY Program in Blas
VEC_TEST_SIZE_N=32000000
VEC_TEST_GRANULARITY=4000000
VEC_TEST_K=8
See Makefile TEST_INFO to set parameters
elapsed=91307
STD gflop=0.700932
spmd thread pool:
nr_pe|nr_slot|nr_leader|nr_task|nr_thread|
    8|      4|       15|     32|       47|
slot 0: 0x1ef24d70
width=8, size=1
ldr0=2688:(2689,2691,2692,2693,2694,2696,2698,2701,)
slot 1: 0x1ef24d98
width=4, size=2
ldr0=2690:(2695,2697,2700,2702,)
ldr1=2699:(2703,2705,2706,2707,)
slot 2: 0x1ef24dc0
width=2, size=4
ldr0=2704:(2708,2710,)
ldr1=2709:(2711,2712,)
ldr2=2713:(2714,2715,)
ldr3=2716:(2717,2719,)
slot 3: 0x1ef24de8
width=1, size=8
ldr0=2718:(2720,)
ldr1=2721:(2722,)
ldr2=2723:(2724,)
ldr3=2725:(2726,)
ldr4=2727:(2728,)
ldr5=2729:(2730,)
ldr6=2731:(2732,)
ldr7=2733:(0,)
startup libspmd runtime: 8 pe is detected
elapsed=46331
MT gflop=1.381365
spmd close all children
Profile info
======================================================================
# 0        #frame kernel seq    0        0usec            0.0%
# 1        #frame kernel par    0        0usec            0.0%
# 2          #frame mem cost    0        0usec            0.0%
# 3       #frame thread cost    0        0usec            0.0%
# 4 #thread creation counters    0                           
# 5 #thread pool enqueue counters    0                           
# 6 #libspmd thread creation    8                           
# 7                      STD    1    91307usec            66.3%
# 8                       ST    0        0usec            0.0%
# 9                       MT    1    46331usec            33.7%
