[xliu@harpertown new-libvina]$ sudo ./mat_mul 
Matrix Multiplication test program
MM_TEST_SIZE_N=4096
MM_TEST_GRANULARITY=1024
MM_TEST_K=   4
see Makefile TEST_INFO to set parameters
STD gflop=15.045534
probe result is 8
sem leader[0].sem = 14450690
sem leader[1].sem = 14483459
em leader[2].sem = 14516228
sem leader[3].sem = 14548997
sem leader[4].sem = 14581766
sem leader[5].sem = 14614535
sem leader[6].sem = 14647304
sem leader[7].sem = 14680073
sem leader[8].sem = 14712842
sem leader[9].sem = 14745611
sem leader[10].sem = 14778380
sem leader[11].sem = 14811149
sem leader[12].sem = 14843918
sem leader[13].sem = 14876687
sem leader[14].sem = 14909471
spmd thread pool:
nr_pe|nr_slot|nr_leader|nr_task|nr_thread|
   8|      4|       15|     32|       47|
slot 0: 0x1e377d80
width=8, size=1
ldr0=5652:(5654,5655,5656,5660,5662,5666,5668,5671,)
	    slot 1: 0x1e377da8
	    width=4, size=2
	    ldr0=5653:(5658,5661,5664,5667,)
	    ldr1=5657:(5659,5663,5669,5672,)
	    slot 2: 0x1e377dd0
	    width=2, size=4
	    ldr0=5665:(5670,5673,)
	    ldr1=5674:(5675,5677,)
	    ldr2=5676:(5678,5679,)
	    ldr3=5680:(5681,5683,)
	    slot 3: 0x1e377df8
	    width=1, size=8
	    ldr0=5682:(5684,)
	    ldr1=5685:(5686,)
	    ldr2=5687:(5688,)
	    ldr3=5689:(5690,)
	    ldr4=5691:(5692,)
	    ldr5=5693:(5694,)
	    ldr6=5695:(5696,)
	    ldr7=5697:(5698,)
	    _pred=0 SubTask::_pred=1
	    SubTask::RESULT::WRITER_SIZE_X=1024
	    ldr1 locked
	    MT SSE gflop=71.991528
	    spmd close all children
	    Profile info
	    ======================================================================
	    # 0        #frame kernel seq    0        0usec            0.0%
	    # 1        #frame kernel par    0        0usec            0.0%
	    # 2          #frame mem cost    0        0usec            0.0%
	    # 3       #frame thread cost    0        0usec            0.0%
	    # 4 #thread creation counters    0                           
	    # 5 #thread pool enqueue counters    0                           
	    # 6 #libspmd thread creation   64                           
	    # 7             STD multiply    1  9134867usec            82.7%
	    # 8          Single-threaded    0        0usec            0.0%
	    # 9                   ST SSE    0        0usec            0.0%
	    #10          mulmat_parallel    0        0usec            0.0%
	    #11      mulmat_parallel SSE    1  1909099usec            17.3%
	    #12          mulmat_smallset    0        0usec            0.0%
