This is pdfeTeX, Version 3.141592-1.21a-2.2 (Web2C 7.5.4) (format=pdflatex 2009.6.14)  13 JUL 2009 00:48
entering extended mode
**TR.tex
(./TR.tex
LaTeX2e <2003/12/01>
Babel <v3.8d> and hyphenation patterns for american, french, german, ngerman, b
ahasa, basque, bulgarian, catalan, croatian, czech, danish, dutch, esperanto, e
stonian, finnish, greek, icelandic, irish, italian, latin, magyar, norsk, polis
h, portuges, romanian, russian, serbian, slovak, slovene, spanish, swedish, tur
kish, ukrainian, nohyphenation, loaded.
(/opt/local/share/texmf-dist/tex/latex/base/article.cls
Document Class: article 2004/02/16 v1.4f Standard LaTeX document class
(/opt/local/share/texmf-dist/tex/latex/base/size11.clo
File: size11.clo 2004/02/16 v1.4f Standard LaTeX file (size option)
)
\c@part=\count79
\c@section=\count80
\c@subsection=\count81
\c@subsubsection=\count82
\c@paragraph=\count83
\c@subparagraph=\count84
\c@figure=\count85
\c@table=\count86
\abovecaptionskip=\skip41
\belowcaptionskip=\skip42
\bibindent=\dimen102
)
(/opt/local/share/texmf-dist/tex/latex/graphics/pdfsync.sty
Package: pdfsync 2008/01/26 v1.1
)
(/opt/local/share/texmf-dist/tex/latex/graphics/color.sty
Package: color 1999/02/16 v1.0i Standard LaTeX Color (DPC)

(/opt/local/share/texmf-dist/tex/latex/graphics/color.cfg
File: color.cfg 2005/02/03 v1.3 color configuration of teTeX/TeXLive
)
Package color Info: Driver file: pdftex.def on input line 125.

(/opt/local/share/texmf-dist/tex/latex/graphics/pdftex.def
File: pdftex.def 2002/06/19 v0.03k graphics/color for pdftex
\Gread@gobject=\count87
))
(/opt/local/share/texmf-dist/tex/latex/graphics/graphicx.sty
Package: graphicx 1999/02/16 v1.0f Enhanced LaTeX Graphics (DPC,SPQR)

(/opt/local/share/texmf-dist/tex/latex/graphics/keyval.sty
Package: keyval 1999/03/16 v1.13 key=value parser (DPC)
\KV@toks@=\toks14
)
(/opt/local/share/texmf-dist/tex/latex/graphics/graphics.sty
Package: graphics 2001/07/07 v1.0n Standard LaTeX Graphics (DPC,SPQR)

(/opt/local/share/texmf-dist/tex/latex/graphics/trig.sty
Package: trig 1999/03/16 v1.09 sin cos tan (DPC)
)
(/opt/local/share/texmf-dist/tex/latex/graphics/graphics.cfg
File: graphics.cfg 2005/02/03 v1.3 graphics configuration of teTeX/TeXLive
)
Package graphics Info: Driver file: pdftex.def on input line 80.
)
\Gin@req@height=\dimen103
\Gin@req@width=\dimen104
)
(/opt/local/share/texmf-dist/tex/latex/tools/verbatim.sty
Package: verbatim 2003/08/22 v1.5q LaTeX2e package for verbatim enhancements
\every@verbatim=\toks15
\verbatim@line=\toks16
\verbatim@in@stream=\read1
) (./TR.aux)
\openout1 = `TR.aux'.

LaTeX Font Info:    Checking defaults for OML/cmm/m/it on input line 7.
LaTeX Font Info:    ... okay on input line 7.
LaTeX Font Info:    Checking defaults for T1/cmr/m/n on input line 7.
LaTeX Font Info:    ... okay on input line 7.
LaTeX Font Info:    Checking defaults for OT1/cmr/m/n on input line 7.
LaTeX Font Info:    ... okay on input line 7.
LaTeX Font Info:    Checking defaults for OMS/cmsy/m/n on input line 7.
LaTeX Font Info:    ... okay on input line 7.
LaTeX Font Info:    Checking defaults for OMX/cmex/m/n on input line 7.
LaTeX Font Info:    ... okay on input line 7.
LaTeX Font Info:    Checking defaults for U/cmr/m/n on input line 7.
LaTeX Font Info:    ... okay on input line 7.
Configuring pdfsync
\PDFSYNC@ut=\write3
\openout3 = `TR.pdfsync'.

\PDFSYNCf@li@=\count88
\PDFSYNC@rder=\count89
**** pdfsync.sty: Synchronizing at \everypar
\PDFSYNCeveryp@r=\toks17
**** pdfsync.sty: Synchronizing at \everymath
\PDFSYNCeverym@th=\toks18
**** pdfsync.sty: Synchronizing at \everyhbox
\PDFSYNCeveryhb@x=\toks19
**** pdfsync.sty: Synchronizing at \everyvbox
\PDFSYNCeveryvb@x=\toks20
**** pdfsync.sty: started

(/opt/local/share/texmf-dist/tex/context/base/supp-pdf.tex
(/opt/local/share/texmf-dist/tex/context/base/supp-mis.tex
loading : Context Support Macros / Miscellaneous (2004.10.26)
\protectiondepth=\count90
\scratchcounter=\count91
\scratchtoks=\toks21
\scratchdimen=\dimen105
\scratchskip=\skip43
\scratchmuskip=\muskip10
\scratchbox=\box26
\scratchread=\read2
\scratchwrite=\write4
\zeropoint=\dimen106
\onepoint=\dimen107
\onebasepoint=\dimen108
\minusone=\count92
\thousandpoint=\dimen109
\onerealpoint=\dimen110
\emptytoks=\toks22
\nextbox=\box27
\nextdepth=\dimen111
\everyline=\toks23
\!!counta=\count93
\!!countb=\count94
\recursecounter=\count95
)
loading : Context Support Macros / PDF (2004.03.26)
\nofMPsegments=\count96
\nofMParguments=\count97
\MPscratchCnt=\count98
\MPscratchDim=\dimen112
\MPnumerator=\count99
\everyMPtoPDFconversion=\toks24
) [1

{/opt/local/share/texmf-var/fonts/map/pdftex/updmap/pdftex.map}]
LaTeX Font Info:    External font `cmex10' loaded for size
(Font)              <12> on input line 17.
LaTeX Font Info:    External font `cmex10' loaded for size
(Font)              <8> on input line 17.
LaTeX Font Info:    External font `cmex10' loaded for size
(Font)              <6> on input line 17.
 [2]
[3] [4] <map-class.pdf, id=32, 437.635pt x 116.435pt>
File: map-class.pdf Graphic file (type pdf)
 <use map-class.pdf>
[5] <test_matrix.png, id=36, 1120.185pt x 317.185pt>
File: test_matrix.png Graphic file (type png)
 <use test_matrix.png>
[6 <./map-class.pdf>] [7 <./test_matrix.png>] [8]
<view_concept.png, id=63, 525.965pt x 471.7625pt>
File: view_concept.png Graphic file (type png)
 <use view_concept.png>
[9 <./view_concept.png>]
LaTeX Font Info:    External font `cmex10' loaded for size
(Font)              <10.95> on input line 156.

Underfull \hbox (badness 10000) in paragraph at lines 155--172

 []


Underfull \hbox (badness 10000) in paragraph at lines 175--176

 []


Overfull \hbox (17.0pt too wide) in paragraph at lines 177--178
[][][][] 
 []


Overfull \hbox (19.41339pt too wide) in paragraph at lines 190--190
[][][]        \OT1/cmtt/m/n/10.95 arg0_dim::value, arg0_arithm::value>::sub_rea
der(arg0, k);[] 
 []


Overfull \hbox (19.41339pt too wide) in paragraph at lines 192--192
[][][]        \OT1/cmtt/m/n/10.95 arg1_dim::value, arg1_arithm::value>::sub_rea
der(arg1, k);[] 
 []


Overfull \hbox (7.91602pt too wide) in paragraph at lines 193--193
[][][]      \OT1/cmtt/m/n/10.95 auto subResult = __aux::subview<typename Instan
ce::Result,[] 
 []


Overfull \hbox (53.90552pt too wide) in paragraph at lines 194--194
[][][]        \OT1/cmtt/m/n/10.95 result_dim::value, result_arithm::value>::sub
_writer(result, k);[] 
 []

[10]
Overfull \hbox (17.0pt too wide) in paragraph at lines 210--211
[][][][] 
 []


Overfull \hbox (17.0pt too wide) in paragraph at lines 229--230
[][][][] 
 []

[11]

LaTeX Warning: Characters dropped after `\end{verbatim}' on input line 261.

(./TR.bbl [12]) [13] (./TR.aux)

LaTeX Warning: Label(s) may have changed. Rerun to get cross-references right.

 ) 
Here is how much of TeX's memory you used:
 1074 strings out of 94500
 13705 string characters out of 1174973
 62843 words of memory out of 1000000
 4270 multiletter control sequences out of 10000+50000
 9633 words of font info for 34 fonts, out of 500000 for 2000
 580 hyphenation exceptions out of 1000
 25i,19n,21p,1438b,352s stack positions out of 1500i,500n,5000p,200000b,5000s
PDF statistics:
 79 PDF objects out of 300000
 0 named destinations out of 131072
 16 words of extra memory for PDF output out of 65536
</opt/local/share/texmf-dist/fonts/type1/bluesky/cm/cmtt10.pfb></opt/local/sh
are/texmf-dist/fonts/type1/bluesky/cm/cmti10.pfb></opt/local/share/texmf-dist/f
onts/type1/bluesky/cm/cmbx12.pfb></opt/local/share/texmf-dist/fonts/type1/blues
ky/cm/cmr12.pfb></opt/local/share/texmf-dist/fonts/type1/bluesky/cm/cmr17.pfb><
/opt/local/share/texmf-dist/fonts/type1/bluesky/cm/cmr10.pfb></opt/local/share/
texmf-dist/fonts/type1/bluesky/cm/cmbx10.pfb>
Output written on TR.pdf (13 pages, 182598 bytes).
