This is pdfeTeX, Version 3.141592-1.21a-2.2 (Web2C 7.5.4) (format=pdflatex 2009.6.14)  1 DEC 2009 16:20
entering extended mode
**bare_conf.tex
(./bare_conf.tex
LaTeX2e <2003/12/01>
Babel <v3.8d> and hyphenation patterns for american, french, german, ngerman, b
ahasa, basque, bulgarian, catalan, croatian, czech, danish, dutch, esperanto, e
stonian, finnish, greek, icelandic, irish, italian, latin, magyar, norsk, polis
h, portuges, romanian, russian, serbian, slovak, slovene, spanish, swedish, tur
kish, ukrainian, nohyphenation, loaded.
(/opt/local/share/texmf-dist/tex/latex/lineno/lineno.sty
Package: lineno 2005/01/10 line numbers on paragraphs v4.1c
\linenopenalty=\count79
\output=\toks14
\linenoprevgraf=\count80
\linenumbersep=\dimen102
\linenumberwidth=\dimen103
\c@linenumber=\count81
\c@pagewiselinenumber=\count82
\n@LN@truepage=\count83
\c@linenumbermodulo=\count84
\c@internallinenumber=\count85
\c@internallinenumbers=\count86
\quotelinenumbersep=\dimen104
\bframerule=\dimen105
\bframesep=\dimen106
\bframebox=\box26
LaTeX Info: Redefining \\ on input line 2405.
) (./IEEEtran.cls
Document Class: IEEEtran 2007/03/05 V1.7a by Michael Shell
-- See the "IEEEtran_HOWTO" manual for usage information.
-- http://www.michaelshell.org/tex/ieeetran/
\@IEEEtrantmpdimenA=\dimen107
\@IEEEtrantmpdimenB=\dimen108
\@IEEEtrantmpcountA=\count87
\@IEEEtrantmpcountB=\count88
\@IEEEtrantmptoksA=\toks15
LaTeX Font Info:    Try loading font information for OT1+ptm on input line 366.

(/opt/local/share/texmf-dist/tex/latex/psnfss/ot1ptm.fd
File: ot1ptm.fd 2001/06/04 font definitions for OT1/ptm.
)
-- Using 8.5in x 11in (letter) paper.
-- Using PDF output.
\@IEEEnormalsizeunitybaselineskip=\dimen109
-- This is a 10 point document.
\CLASSINFOnormalsizebaselineskip=\dimen110
\CLASSINFOnormalsizeunitybaselineskip=\dimen111
\IEEEnormaljot=\dimen112
LaTeX Font Info:    Font shape `OT1/ptm/bx/n' in size <5> not available
(Font)              Font shape `OT1/ptm/b/n' tried instead on input line 724.
LaTeX Font Info:    Font shape `OT1/ptm/bx/it' in size <5> not available
(Font)              Font shape `OT1/ptm/b/it' tried instead on input line 724.
LaTeX Font Info:    Font shape `OT1/ptm/bx/n' in size <7> not available
(Font)              Font shape `OT1/ptm/b/n' tried instead on input line 724.
LaTeX Font Info:    Font shape `OT1/ptm/bx/it' in size <7> not available
(Font)              Font shape `OT1/ptm/b/it' tried instead on input line 724.
LaTeX Font Info:    Font shape `OT1/ptm/bx/n' in size <8> not available
(Font)              Font shape `OT1/ptm/b/n' tried instead on input line 724.
LaTeX Font Info:    Font shape `OT1/ptm/bx/it' in size <8> not available
(Font)              Font shape `OT1/ptm/b/it' tried instead on input line 724.
LaTeX Font Info:    Font shape `OT1/ptm/bx/n' in size <9> not available
(Font)              Font shape `OT1/ptm/b/n' tried instead on input line 724.
LaTeX Font Info:    Font shape `OT1/ptm/bx/it' in size <9> not available
(Font)              Font shape `OT1/ptm/b/it' tried instead on input line 724.
LaTeX Font Info:    Font shape `OT1/ptm/bx/n' in size <10> not available
(Font)              Font shape `OT1/ptm/b/n' tried instead on input line 724.
LaTeX Font Info:    Font shape `OT1/ptm/bx/it' in size <10> not available
(Font)              Font shape `OT1/ptm/b/it' tried instead on input line 724.
LaTeX Font Info:    Font shape `OT1/ptm/bx/n' in size <11> not available
(Font)              Font shape `OT1/ptm/b/n' tried instead on input line 724.
LaTeX Font Info:    Font shape `OT1/ptm/bx/it' in size <11> not available
(Font)              Font shape `OT1/ptm/b/it' tried instead on input line 724.
LaTeX Font Info:    Font shape `OT1/ptm/bx/n' in size <12> not available
(Font)              Font shape `OT1/ptm/b/n' tried instead on input line 724.
LaTeX Font Info:    Font shape `OT1/ptm/bx/it' in size <12> not available
(Font)              Font shape `OT1/ptm/b/it' tried instead on input line 724.
LaTeX Font Info:    Font shape `OT1/ptm/bx/n' in size <17> not available
(Font)              Font shape `OT1/ptm/b/n' tried instead on input line 724.
LaTeX Font Info:    Font shape `OT1/ptm/bx/it' in size <17> not available
(Font)              Font shape `OT1/ptm/b/it' tried instead on input line 724.
LaTeX Font Info:    Font shape `OT1/ptm/bx/n' in size <20> not available
(Font)              Font shape `OT1/ptm/b/n' tried instead on input line 724.
LaTeX Font Info:    Font shape `OT1/ptm/bx/it' in size <20> not available
(Font)              Font shape `OT1/ptm/b/it' tried instead on input line 724.
LaTeX Font Info:    Font shape `OT1/ptm/bx/n' in size <24> not available
(Font)              Font shape `OT1/ptm/b/n' tried instead on input line 724.
LaTeX Font Info:    Font shape `OT1/ptm/bx/it' in size <24> not available
(Font)              Font shape `OT1/ptm/b/it' tried instead on input line 724.
\IEEEilabelindentA=\dimen113
\IEEEilabelindentB=\dimen114
\IEEEilabelindent=\dimen115
\IEEEelabelindent=\dimen116
\IEEEdlabelindent=\dimen117
\IEEElabelindent=\dimen118
\IEEEiednormlabelsep=\dimen119
\IEEEiedmathlabelsep=\dimen120
\IEEEiedtopsep=\skip41
\c@section=\count89
\c@subsection=\count90
\c@subsubsection=\count91
\c@paragraph=\count92
\c@IEEEsubequation=\count93
\abovecaptionskip=\skip42
\belowcaptionskip=\skip43
\c@figure=\count94
\c@table=\count95
\@IEEEeqnnumcols=\count96
\@IEEEeqncolcnt=\count97
\@IEEEtmpitemindent=\dimen121
\c@IEEEbiography=\count98
\@IEEEtranrubishbin=\box27
) (/opt/local/share/texmf-dist/tex/latex/amsmath/amsmath.sty
Package: amsmath 2000/07/18 v2.13 AMS math features
\@mathmargin=\skip44

For additional information on amsmath, use the `?' option.
(/opt/local/share/texmf-dist/tex/latex/amsmath/amstext.sty
Package: amstext 2000/06/29 v2.01

(/opt/local/share/texmf-dist/tex/latex/amsmath/amsgen.sty
File: amsgen.sty 1999/11/30 v2.0
\@emptytoks=\toks16
\ex@=\dimen122
))
(/opt/local/share/texmf-dist/tex/latex/amsmath/amsbsy.sty
Package: amsbsy 1999/11/29 v1.2d
\pmbraise@=\dimen123
)
(/opt/local/share/texmf-dist/tex/latex/amsmath/amsopn.sty
Package: amsopn 1999/12/14 v2.01 operator names
)
\inf@bad=\count99
LaTeX Info: Redefining \frac on input line 211.
\uproot@=\count100
\leftroot@=\count101
LaTeX Info: Redefining \overline on input line 307.
\classnum@=\count102
\DOTSCASE@=\count103
LaTeX Info: Redefining \ldots on input line 379.
LaTeX Info: Redefining \dots on input line 382.
LaTeX Info: Redefining \cdots on input line 467.
\Mathstrutbox@=\box28
\strutbox@=\box29
\big@size=\dimen124
LaTeX Font Info:    Redeclaring font encoding OML on input line 567.
LaTeX Font Info:    Redeclaring font encoding OMS on input line 568.
\macc@depth=\count104
\c@MaxMatrixCols=\count105
\dotsspace@=\muskip10
\c@parentequation=\count106
\dspbrk@lvl=\count107
\tag@help=\toks17
\row@=\count108
\column@=\count109
\maxfields@=\count110
\andhelp@=\toks18
\eqnshift@=\dimen125
\alignsep@=\dimen126
\tagshift@=\dimen127
\tagwidth@=\dimen128
\totwidth@=\dimen129
\lineht@=\dimen130
\@envbody=\toks19
\multlinegap=\skip45
\multlinetaggap=\skip46
\mathdisplay@stack=\toks20
LaTeX Info: Redefining \[ on input line 2666.
LaTeX Info: Redefining \] on input line 2667.
)
(/opt/local/share/texmf-dist/tex/latex/amscls/amsthm.sty
Package: amsthm 2004/08/06 v2.20
\thm@style=\toks21
\thm@bodyfont=\toks22
\thm@headfont=\toks23
\thm@notefont=\toks24
\thm@headpunct=\toks25
\thm@preskip=\skip47
\thm@postskip=\skip48
\thm@headsep=\skip49
\dth@everypar=\toks26
)
(/opt/local/share/texmf-dist/tex/latex/listings/listings.sty
(/opt/local/share/texmf-dist/tex/latex/graphics/keyval.sty
Package: keyval 1999/03/16 v1.13 key=value parser (DPC)
\KV@toks@=\toks27
)
\lst@mode=\count111
\lst@gtempboxa=\box30
\lst@token=\toks28
\lst@length=\count112
\lst@currlwidth=\dimen131
\lst@column=\count113
\lst@pos=\count114
\lst@lostspace=\dimen132
\lst@width=\dimen133
\lst@newlines=\count115
\lst@lineno=\count116
\c@lstlisting=\count117
\lst@maxwidth=\dimen134

(/opt/local/share/texmf-dist/tex/latex/listings/lstpatch.sty
File: lstpatch.sty 2004/10/17 1.3b (Carsten Heinz)
)
(/opt/local/share/texmf-dist/tex/latex/listings/lstmisc.sty
File: lstmisc.sty 2004/09/07 1.3 (Carsten Heinz)
\c@lstnumber=\count118
\lst@skipnumbers=\count119
\lst@framebox=\box31
)
(/opt/local/share/texmf-dist/tex/latex/listings/listings.cfg
File: listings.cfg 2004/09/05 1.3 listings configuration
))
Package: listings 2004/10/17 1.3b (Carsten Heinz)

(/opt/local/share/texmf-dist/tex/latex/booktabs/booktabs.sty
Package: booktabs 2003/03/28 v1.618 publication quality tables
\heavyrulewidth=\dimen135
\lightrulewidth=\dimen136
\cmidrulewidth=\dimen137
\belowrulesep=\dimen138
\belowbottomsep=\dimen139
\aboverulesep=\dimen140
\abovetopsep=\dimen141
\cmidrulesep=\dimen142
\cmidrulekern=\dimen143
\defaultaddspace=\dimen144
\@cmidla=\count120
\@cmidlb=\count121
\@aboverulesep=\dimen145
\@belowrulesep=\dimen146
\@thisruleclass=\count122
\@lastruleclass=\count123
\@thisrulewidth=\dimen147
)
(/opt/local/share/texmf-dist/tex/latex/listings/lstlang1.sty
File: lstlang1.sty 2004/09/05 1.3 listings language file
)
(/opt/local/share/texmf-dist/tex/latex/listings/lstlang1.sty
File: lstlang1.sty 2004/09/05 1.3 listings language file
)
(/opt/local/share/texmf-dist/tex/latex/listings/lstmisc.sty
File: lstmisc.sty 2004/09/07 1.3 (Carsten Heinz)
)
(/opt/local/share/texmf-dist/tex/latex/graphics/graphicx.sty
Package: graphicx 1999/02/16 v1.0f Enhanced LaTeX Graphics (DPC,SPQR)

(/opt/local/share/texmf-dist/tex/latex/graphics/graphics.sty
Package: graphics 2001/07/07 v1.0n Standard LaTeX Graphics (DPC,SPQR)

(/opt/local/share/texmf-dist/tex/latex/graphics/trig.sty
Package: trig 1999/03/16 v1.09 sin cos tan (DPC)
)
(/opt/local/share/texmf-dist/tex/latex/graphics/graphics.cfg
File: graphics.cfg 2005/02/03 v1.3 graphics configuration of teTeX/TeXLive
)
Package graphics Info: Driver file: pdftex.def on input line 80.

(/opt/local/share/texmf-dist/tex/latex/graphics/pdftex.def
File: pdftex.def 2002/06/19 v0.03k graphics/color for pdftex
\Gread@gobject=\count124
))
\Gin@req@height=\dimen148
\Gin@req@width=\dimen149
)
\c@theorem=\count125
 (./bare_conf.aux

LaTeX Warning: Label `fig:pipe' multiply defined.

)
\openout1 = `bare_conf.aux'.

LaTeX Font Info:    Checking defaults for OML/cmm/m/it on input line 70.
LaTeX Font Info:    ... okay on input line 70.
LaTeX Font Info:    Checking defaults for T1/cmr/m/n on input line 70.
LaTeX Font Info:    ... okay on input line 70.
LaTeX Font Info:    Checking defaults for OT1/cmr/m/n on input line 70.
LaTeX Font Info:    ... okay on input line 70.
LaTeX Font Info:    Checking defaults for OMS/cmsy/m/n on input line 70.
LaTeX Font Info:    ... okay on input line 70.
LaTeX Font Info:    Checking defaults for OMX/cmex/m/n on input line 70.
LaTeX Font Info:    ... okay on input line 70.
LaTeX Font Info:    Checking defaults for U/cmr/m/n on input line 70.
LaTeX Font Info:    ... okay on input line 70.
 (/opt/local/share/texmf-dist/tex/context/base/supp-pdf.tex
(/opt/local/share/texmf-dist/tex/context/base/supp-mis.tex
loading : Context Support Macros / Miscellaneous (2004.10.26)
\protectiondepth=\count126
\scratchcounter=\count127
\scratchtoks=\toks29
\scratchdimen=\dimen150
\scratchskip=\skip50
\scratchmuskip=\muskip11
\scratchbox=\box32
\scratchread=\read1
\scratchwrite=\write3
\zeropoint=\dimen151
\onepoint=\dimen152
\onebasepoint=\dimen153
\minusone=\count128
\thousandpoint=\dimen154
\onerealpoint=\dimen155
\emptytoks=\toks30
\nextbox=\box33
\nextdepth=\dimen156
\everyline=\toks31
\!!counta=\count129
\!!countb=\count130
\recursecounter=\count131
)
loading : Context Support Macros / PDF (2004.03.26)
\nofMPsegments=\count132
\nofMParguments=\count133
\MPscratchCnt=\count134
\MPscratchDim=\dimen157
\MPnumerator=\count135
\everyMPtoPDFconversion=\toks32
) (./intro.tex [1{/opt/local/share/texmf-var/fonts/map/pdftex/updmap/pdftex.map
}


]

LaTeX Warning: Reference `sec:lib' on page 2 undefined on input line 123.

) (./method.tex
Warning: pdflatex (file ../overview.pdf): pdf inclusion: found pdf version <1.5
>, but at most version <1.4> allowed
<../overview.pdf, id=17, 597.50829pt x 845.0471pt>
File: ../overview.pdf Graphic file (type pdf)
 <use ../overview.pdf>
[2 <../overview.pdf>]
<../relationship_views.pdf, id=78, 703.62875pt x 326.21875pt>
File: ../relationship_views.pdf Graphic file (type pdf)

<use ../relationship_views.pdf>
Overfull \hbox (8.17244pt too wide) in paragraph at lines 119--123
[][] 
 []

LaTeX Font Info:    Try loading font information for OT1+pcr on input line 158.

(/opt/local/share/texmf-dist/tex/latex/psnfss/ot1pcr.fd
File: ot1pcr.fd 2001/06/04 font definitions for OT1/pcr.
)
LaTeX Font Info:    Try loading font information for OML+ptm on input line 171.


(/opt/local/share/texmf-dist/tex/latex/psnfss/omlptm.fd
File: omlptm.fd 
)
LaTeX Font Info:    Font shape `OML/ptm/m/n' in size <7> not available
(Font)              Font shape `OML/cmm/m/it' tried instead on input line 171.
LaTeX Font Info:    Try loading font information for OMS+ptm on input line 179.


(/opt/local/share/texmf-dist/tex/latex/psnfss/omsptm.fd
File: omsptm.fd 
)
LaTeX Font Info:    Font shape `OMS/ptm/m/n' in size <7> not available
(Font)              Font shape `OMS/cmsy/m/n' tried instead on input line 179.
 (./source/sgemm.cc
LaTeX Font Info:    Font shape `OT1/pcr/bx/n' in size <7> not available
(Font)              Font shape `OT1/pcr/b/n' tried instead on input line 1.
LaTeX Font Info:    Font shape `OMS/ptm/m/it' in size <7> not available
(Font)              Font shape `OMS/cmsy/m/n' tried instead on input line 3.
)
[3 <../relationship_views.pdf>]
<../mmexample.pdf, id=122, 728.7225pt x 333.245pt>
File: ../mmexample.pdf Graphic file (type pdf)
 <use ../mmexample.pdf>
Overfull \hbox (0.94499pt too wide) in paragraph at lines 267--276
[][] 
 []

(./source/langpipe.cc)
Underfull \vbox (badness 10000) has occurred while \output is active []

 [4 <../mmexample.pdf>]) (./library.tex <../algo.pdf, id=146, 360.34625pt x 226
.8475pt>
File: ../algo.pdf Graphic file (type pdf)

<use ../algo.pdf>
Overfull \hbox (0.94499pt too wide) in paragraph at lines 51--53
[][] 
 []


Warning: pdflatex (file ../viewmt.pdf): pdf inclusion: found pdf version <1.5>,
 but at most version <1.4> allowed
<../viewmt.pdf, id=147, 417.30403pt x 122.2146pt>
File: ../viewmt.pdf Graphic file (type pdf)
 <use ../viewmt.pdf>)
(./details.tex [5 <../algo.pdf> <../viewmt.pdf, page is rotated 90 degrees>])
(./evaluation.tex
File: ../speedupx86.0 Graphic file (type mps)
 [MP to PDF] (../speedupx86.0) [6]
Underfull \hbox (badness 1616) in paragraph at lines 86--91
[]\OT1/ptm/m/it/10 dotprod \OT1/ptm/m/n/10 and \OT1/ptm/m/it/10 saxpy \OT1/ptm/
m/n/10 show low speedups be-cause non-
 []

File: ../speedupgpu.0 Graphic file (type mps)
[MP to PDF] (../speedupgpu.0)
File: ../pipeline.0 Graphic file (type mps)
 [MP to PDF] (../pipeline.0) [7]) (./related.tex)
(./conclusion.tex) (./bare_conf.bbl [8]
Underfull \hbox (badness 10000) in paragraph at lines 60--63
[]\OT1/ptm/m/n/8 Nvidia. Cuda. [On-line]. Avail-able:
 []

)

** Conference Paper **
Before submitting the final camera ready copy, remember to:

 1. Manually equalize the lengths of two columns on the last page
 of your paper;

 2. Ensure that any PostScript and/or PDF output post-processing
 uses only Type 1 fonts and that every step in the generation
 process uses the appropriate paper size.

[9] (./bare_conf.aux)

LaTeX Warning: There were undefined references.


LaTeX Warning: There were multiply-defined labels.

 ) 
Here is how much of TeX's memory you used:
 4313 strings out of 94500
 60257 string characters out of 1174973
 156705 words of memory out of 1000000
 7395 multiletter control sequences out of 10000+50000
 49021 words of font info for 92 fonts, out of 500000 for 2000
 583 hyphenation exceptions out of 1000
 33i,8n,68p,468b,1243s stack positions out of 1500i,500n,5000p,200000b,5000s
PDF statistics:
 226 PDF objects out of 300000
 0 named destinations out of 131072
 26 words of extra memory for PDF output out of 65536
</opt/local/share/texmf-dist/fonts/type1/bluesky/cm/cmsy8.pfb></opt/local/sha
re/texmf-dist/fonts/type1/bluesky/cm/cmr8.pfb></opt/local/share/texmf-dist/font
s/type1/bluesky/cm/cmtt12.pfb>{/opt/local/share/texmf-dist/fonts/enc/dvips/psnf
ss/8r.enc}</opt/local/share/texmf-dist/fonts/type1/urw/courier/ucrb8a.pfb></opt
/local/share/texmf-dist/fonts/type1/bluesky/cm/cmr10.pfb></opt/local/share/texm
f-dist/fonts/type1/bluesky/cm/cmsy10.pfb></opt/local/share/texmf-dist/fonts/typ
e1/bluesky/cm/cmmi7.pfb></opt/local/share/texmf-dist/fonts/type1/bluesky/cm/cmm
i10.pfb></opt/local/share/texmf-dist/fonts/type1/bluesky/cm/cmmi8.pfb></opt/loc
al/share/texmf-dist/fonts/type1/urw/courier/ucrr8a.pfb></opt/local/share/texmf-
dist/fonts/type1/bluesky/cm/cmsy7.pfb></opt/local/share/texmf-dist/fonts/type1/
urw/times/utmri8a.pfb></opt/local/share/texmf-dist/fonts/type1/urw/times/utmb8a
.pfb></opt/local/share/texmf-dist/fonts/type1/urw/times/utmbi8a.pfb></opt/local
/share/texmf-dist/fonts/type1/urw/times/utmr8a.pfb>
Output written on bare_conf.pdf (9 pages, 301975 bytes).
